# JRE version: OpenJDK Runtime Environment Corretto-17.0.11.9.1 (17.0.11+9) (build 17.0.11+9-LTS)
# Java VM: OpenJDK 64-Bit Server VM Corretto-17.0.11.9.1 (17.0.11+9-LTS, mixed mode, sharing, tiered, compressed oops, compressed class ptrs, g1 gc, windows-amd64)
GC Precious Log:
 CPUs: 6 total, 6 available
 Memory: 16329M
 Large Page Support: Disabled
 NUMA Support: Disabled
 Compressed Oops: Enabled (Zero based)
 Heap Region Size: 2M
 Heap Min Capacity: 8M
 Heap Initial Capacity: 256M
 Heap Max Capacity: 4084M
 Pre-touch: Disabled
 Parallel Workers: 6
 Concurrent Workers: 2
 Concurrent Refinement Workers: 6
 Periodic GC: Disabled
Heap:
 garbage-first heap   total 161792K, used 50454K [0x0000000700c00000, 0x0000000800000000)
  region size 2048K, 16 young (32768K), 1 survivors (2048K)
 Metaspace       used 54774K, committed 55296K, reserved 1114112K
  class space    used 7566K, committed 7808K, reserved 1048576K
GC Heap History (20 events):
Event: 1.070 GC heap before
{Heap before GC invocations=1 (full 0):
 garbage-first heap   total 262144K, used 28670K [0x0000000700c00000, 0x0000000800000000)
  region size 2048K, 13 young (26624K), 2 survivors (4096K)
 Metaspace       used 10119K, committed 10368K, reserved 1114112K
  class space    used 1275K, committed 1408K, reserved 1048576K
}
Event: 1.075 GC heap after
{Heap after GC invocations=2 (full 0):
 garbage-first heap   total 262144K, used 8495K [0x0000000700c00000, 0x0000000800000000)
  region size 2048K, 2 young (4096K), 2 survivors (4096K)
 Metaspace       used 10119K, committed 10368K, reserved 1114112K
  class space    used 1275K, committed 1408K, reserved 1048576K
}
Event: 1.917 GC heap before
{Heap before GC invocations=2 (full 0):
 garbage-first heap   total 262144K, used 61743K [0x0000000700c00000, 0x0000000800000000)
  region size 2048K, 29 young (59392K), 2 survivors (4096K)
 Metaspace       used 21230K, committed 21504K, reserved 1114112K
  class space    used 2741K, committed 2880K, reserved 1048576K
}
Event: 1.922 GC heap after
{Heap after GC invocations=3 (full 0):
 garbage-first heap   total 262144K, used 13075K [0x0000000700c00000, 0x0000000800000000)
  region size 2048K, 4 young (8192K), 4 survivors (8192K)
 Metaspace       used 21230K, committed 21504K, reserved 1114112K
  class space    used 2741K, committed 2880K, reserved 1048576K
}
Event: 2.457 GC heap before
{Heap before GC invocations=4 (full 0):
 garbage-first heap   total 61440K, used 41747K [0x0000000700c00000, 0x0000000800000000)
  region size 2048K, 18 young (36864K), 4 survivors (8192K)
 Metaspace       used 24343K, committed 24640K, reserved 1114112K
  class space    used 3117K, committed 3264K, reserved 1048576K
}
Event: 2.462 GC heap after
{Heap after GC invocations=5 (full 0):
 garbage-first heap   total 61440K, used 14884K [0x0000000700c00000, 0x0000000800000000)
  region size 2048K, 2 young (4096K), 2 survivors (4096K)
 Metaspace       used 24343K, committed 24640K, reserved 1114112K
  class space    used 3117K, committed 3264K, reserved 1048576K
}
Event: 2.506 GC heap before
{Heap before GC invocations=5 (full 0):
 garbage-first heap   total 61440K, used 16932K [0x0000000700c00000, 0x0000000800000000)
  region size 2048K, 3 young (6144K), 2 survivors (4096K)
 Metaspace       used 24599K, committed 24960K, reserved 1114112K
  class space    used 3148K, committed 3328K, reserved 1048576K
}
Event: 2.509 GC heap after
{Heap after GC invocations=6 (full 0):
 garbage-first heap   total 61440K, used 15203K [0x0000000700c00000, 0x0000000800000000)
  region size 2048K, 1 young (2048K), 1 survivors (2048K)
 Metaspace       used 24599K, committed 24960K, reserved 1114112K
  class space    used 3148K, committed 3328K, reserved 1048576K
}
Event: 3.021 GC heap before
{Heap before GC invocations=6 (full 0):
 garbage-first heap   total 61440K, used 39779K [0x0000000700c00000, 0x0000000800000000)
  region size 2048K, 13 young (26624K), 1 survivors (2048K)
 Metaspace       used 28578K, committed 28992K, reserved 1114112K
  class space    used 3733K, committed 3904K, reserved 1048576K
}
Event: 3.026 GC heap after
{Heap after GC invocations=7 (full 0):
 garbage-first heap   total 61440K, used 17090K [0x0000000700c00000, 0x0000000800000000)
  region size 2048K, 2 young (4096K), 2 survivors (4096K)
 Metaspace       used 28578K, committed 28992K, reserved 1114112K
  class space    used 3733K, committed 3904K, reserved 1048576K
}
Event: 3.489 GC heap before
{Heap before GC invocations=7 (full 0):
 garbage-first heap   total 61440K, used 39618K [0x0000000700c00000, 0x0000000800000000)
  region size 2048K, 13 young (26624K), 2 survivors (4096K)
 Metaspace       used 32628K, committed 33088K, reserved 1114112K
  class space    used 4267K, committed 4480K, reserved 1048576K
}
Event: 3.492 GC heap after
{Heap after GC invocations=8 (full 0):
 garbage-first heap   total 61440K, used 18973K [0x0000000700c00000, 0x0000000800000000)
  region size 2048K, 1 young (2048K), 1 survivors (2048K)
 Metaspace       used 32628K, committed 33088K, reserved 1114112K
  class space    used 4267K, committed 4480K, reserved 1048576K
}
Event: 3.792 GC heap before
{Heap before GC invocations=8 (full 0):
 garbage-first heap   total 61440K, used 33309K [0x0000000700c00000, 0x0000000800000000)
  region size 2048K, 9 young (18432K), 1 survivors (2048K)
 Metaspace       used 35548K, committed 35968K, reserved 1114112K
  class space    used 4670K, committed 4864K, reserved 1048576K
}
Event: 3.794 GC heap after
{Heap after GC invocations=9 (full 0):
 garbage-first heap   total 61440K, used 19569K [0x0000000700c00000, 0x0000000800000000)
  region size 2048K, 2 young (4096K), 2 survivors (4096K)
 Metaspace       used 35548K, committed 35968K, reserved 1114112K
  class space    used 4670K, committed 4864K, reserved 1048576K
}
Event: 4.365 GC heap before
{Heap before GC invocations=10 (full 0):
 garbage-first heap   total 61440K, used 42097K [0x0000000700c00000, 0x0000000800000000)
  region size 2048K, 14 young (28672K), 2 survivors (4096K)
 Metaspace       used 41328K, committed 41792K, reserved 1114112K
  class space    used 5598K, committed 5824K, reserved 1048576K
}
Event: 4.368 GC heap after
{Heap after GC invocations=11 (full 0):
 garbage-first heap   total 61440K, used 20992K [0x0000000700c00000, 0x0000000800000000)
  region size 2048K, 2 young (4096K), 2 survivors (4096K)
 Metaspace       used 41328K, committed 41792K, reserved 1114112K
  class space    used 5598K, committed 5824K, reserved 1048576K
}
Event: 4.412 GC heap before
{Heap before GC invocations=11 (full 0):
 garbage-first heap   total 61440K, used 20992K [0x0000000700c00000, 0x0000000800000000)
  region size 2048K, 3 young (6144K), 2 survivors (4096K)
 Metaspace       used 41989K, committed 42496K, reserved 1114112K
  class space    used 5649K, committed 5888K, reserved 1048576K
}
Event: 4.415 GC heap after
{Heap after GC invocations=12 (full 0):
 garbage-first heap   total 61440K, used 20874K [0x0000000700c00000, 0x0000000800000000)
  region size 2048K, 1 young (2048K), 1 survivors (2048K)
 Metaspace       used 41989K, committed 42496K, reserved 1114112K
  class space    used 5649K, committed 5888K, reserved 1048576K
}
Event: 4.838 GC heap before
{Heap before GC invocations=12 (full 0):
 garbage-first heap   total 61440K, used 45450K [0x0000000700c00000, 0x0000000800000000)
  region size 2048K, 13 young (26624K), 1 survivors (2048K)
 Metaspace       used 47385K, committed 47872K, reserved 1114112K
  class space    used 6360K, committed 6592K, reserved 1048576K
}
Event: 4.840 GC heap after
{Heap after GC invocations=13 (full 0):
 garbage-first heap   total 161792K, used 21782K [0x0000000700c00000, 0x0000000800000000)
  region size 2048K, 1 young (2048K), 1 survivors (2048K)
 Metaspace       used 47385K, committed 47872K, reserved 1114112K
  class space    used 6360K, committed 6592K, reserved 1048576K
}

